Running: C:\Xilinx\13.1\ISE_DS\ISE\bin\nt64\unwrapped\fuse.exe -intstyle ise -incremental -o D:/MIPS/processor_tb_isim_beh.exe -prj D:/MIPS/processor_tb_beh.prj work.processor_tb 
ISim O.40d (signature 0xc4ca3437)
Number of CPUs detected in this system: 6
Turning on mult-threading, number of parallel sub-compilation jobs: 12 
Determining compilation order of HDL files
Parsing VHDL file "D:/MIPS/Banco_de_Registros.vhd" into library work
Parsing VHDL file "D:/MIPS/ALU.vhd" into library work
Parsing VHDL file "D:/MIPS/processor.vhd" into library work
Parsing VHDL file "D:/MIPS/memory.vhd" into library work
Parsing VHDL file "D:/MIPS/processor_tb.vhd" into library work
Starting static elaboration
Completed static elaboration
Using precompiled package standard from library std
Using precompiled package std_logic_1164 from library ieee
Using precompiled package std_logic_arith from library ieee
Using precompiled package std_logic_unsigned from library ieee
Using precompiled package textio from library std
Using precompiled package std_logic_textio from library ieee
Using precompiled package std_logic_signed from library ieee
Compiling architecture behavioral of entity banco_de_registros [banco_de_registros_default]
Compiling architecture behavioral of entity alu [alu_default]
Compiling architecture processor_arq of entity processor [processor_default]
Compiling architecture mem_arq of entity memory [\memory("program2",1024)(1,8)\]
Compiling architecture processor_tb_arq of entity processor_tb
Time Resolution for simulation is 1ps.
Compiled 18 VHDL Units
Built simulation executable D:/MIPS/processor_tb_isim_beh.exe
Fuse Memory Usage: 22288 KB
Fuse CPU Usage: 296 ms
